d:\1_projects\aftereffects\plugin\sdk\template\sep_color\win\sep_colorpipl.rc
d:\1_projects\aftereffects\plugin\sdk\template\sep_color\win\x64\debug\vc143.pdb
d:\1_projects\aftereffects\plugin\sdk\template\sep_color\win\x64\debug\aegp_suitehandler.sbr
d:\1_projects\aftereffects\plugin\sdk\template\sep_color\win\x64\debug\missingsuiteerror.sbr
d:\1_projects\aftereffects\plugin\sdk\template\sep_color\win\x64\debug\sep_color.sbr
d:\1_projects\aftereffects\plugin\sdk\template\sep_color\win\x64\debug\sep_color_strings.sbr
d:\1_projects\aftereffects\plugin\sdk\template\sep_color\win\x64\debug\sep_color_strings.obj
d:\1_projects\aftereffects\plugin\sdk\template\sep_color\win\x64\debug\sep_color.obj
d:\1_projects\aftereffects\plugin\sdk\template\sep_color\win\x64\debug\missingsuiteerror.obj
d:\1_projects\aftereffects\plugin\sdk\template\sep_color\win\x64\debug\aegp_suitehandler.obj
d:\1_projects\aftereffects\plugin\sdk\template\sep_color\win\x64\debug\sep_colorpipl.res
d:\1_projects\aftereffects\plugin\sdk\template\sep_color\output\sep_color.aex
d:\1_projects\aftereffects\plugin\sdk\template\sep_color\win\x64\debug\sep_color.pdb
d:\1_projects\aftereffects\plugin\sdk\template\sep_color\win\x64\debug\sep_color.bsc
d:\1_projects\aftereffects\plugin\sdk\template\sep_color\win\x64\debug\sep_color.lib
d:\1_projects\aftereffects\plugin\sdk\template\sep_color\win\x64\debug\sep_color.exp
d:\1_projects\aftereffects\plugin\sdk\template\sep_color\output\sep_color.ilk
d:\1_projects\aftereffects\plugin\sdk\template\sep_color\win\x64\debug\sep_color.tlog\custombuild.command.1.tlog
d:\1_projects\aftereffects\plugin\sdk\template\sep_color\win\x64\debug\sep_color.tlog\custombuild.read.1.tlog
d:\1_projects\aftereffects\plugin\sdk\template\sep_color\win\x64\debug\sep_color.tlog\custombuild.write.1.tlog
d:\1_projects\aftereffects\plugin\sdk\template\sep_color\win\x64\debug\sep_color.tlog\cl.read.1.tlog
d:\1_projects\aftereffects\plugin\sdk\template\sep_color\win\x64\debug\sep_color.tlog\cl.write.1.tlog
d:\1_projects\aftereffects\plugin\sdk\template\sep_color\win\x64\debug\sep_color.tlog\cl.command.1.tlog
d:\1_projects\aftereffects\plugin\sdk\template\sep_color\win\x64\debug\sep_color.tlog\rc.read.1.tlog
d:\1_projects\aftereffects\plugin\sdk\template\sep_color\win\x64\debug\sep_color.tlog\rc.write.1.tlog
d:\1_projects\aftereffects\plugin\sdk\template\sep_color\win\x64\debug\sep_color.tlog\rc.command.1.tlog
d:\1_projects\aftereffects\plugin\sdk\template\sep_color\win\x64\debug\sep_color.tlog\link.read.3.tlog
d:\1_projects\aftereffects\plugin\sdk\template\sep_color\win\x64\debug\sep_color.tlog\link.write.1.tlog
d:\1_projects\aftereffects\plugin\sdk\template\sep_color\win\x64\debug\sep_color.tlog\link.secondary.1.tlog
d:\1_projects\aftereffects\plugin\sdk\template\sep_color\win\x64\debug\sep_color.tlog\link.command.1.tlog
d:\1_projects\aftereffects\plugin\sdk\template\sep_color\win\x64\debug\sep_color.tlog\bscmake.read.1.tlog
d:\1_projects\aftereffects\plugin\sdk\template\sep_color\win\x64\debug\sep_color.tlog\bscmake.write.1.tlog
d:\1_projects\aftereffects\plugin\sdk\template\sep_color\win\x64\debug\sep_color.tlog\bscmake.command.1.tlog
d:\1_projects\aftereffects\plugin\sdk\template\sep_color\win\x64\debug\sep_color.tlog\cl.items.tlog
